TN:
SF:src/app/hooks.ts
FN:5,(anonymous_0)
FNF:1
FNH:0
FNDA:0,(anonymous_0)
DA:5,0
DA:6,0
LF:2
LH:0
BRF:0
BRH:0
end_of_record
TN:
SF:src/app/store.ts
FNF:0
FNH:0
DA:8,1
DA:20,1
LF:2
LH:2
BRF:0
BRH:0
end_of_record
TN:
SF:src/features/albums/album-slice.ts
FN:16,(anonymous_0)
FN:19,(anonymous_1)
FN:20,(anonymous_2)
FN:23,(anonymous_3)
FN:24,(anonymous_4)
FN:29,(anonymous_5)
FN:34,(anonymous_6)
FNF:7
FNH:1
FNDA:0,(anonymous_0)
FNDA:0,(anonymous_1)
FNDA:0,(anonymous_2)
FNDA:1,(anonymous_3)
FNDA:0,(anonymous_4)
FNDA:0,(anonymous_5)
FNDA:0,(anonymous_6)
DA:6,1
DA:12,1
DA:17,0
DA:20,0
DA:24,1
DA:25,0
DA:26,0
DA:29,1
DA:30,0
DA:31,0
DA:34,1
DA:35,0
DA:36,0
DA:38,0
DA:43,1
DA:44,1
LF:16
LH:7
BRDA:35,0,0,0
BRDA:35,0,1,0
BRF:2
BRH:0
end_of_record
TN:
SF:src/features/albums/fetch-albums.ts
FN:8,(anonymous_0)
FNF:1
FNH:0
FNDA:0,(anonymous_0)
DA:6,1
DA:9,0
DA:11,0
DA:12,0
DA:17,0
LF:5
LH:1
BRDA:11,0,0,0
BRDA:11,0,1,0
BRF:2
BRH:0
end_of_record
TN:
SF:src/features/albums/index.ts
FNF:0
FNH:0
LF:0
LH:0
BRF:0
BRH:0
end_of_record
TN:
SF:src/features/albums/load-albums.tsx
FN:9,LoadAlbums
FN:16,(anonymous_1)
FN:20,(anonymous_2)
FN:24,(anonymous_3)
FN:42,(anonymous_4)
FN:52,(anonymous_5)
FNF:6
FNH:0
FNDA:0,LoadAlbums
FNDA:0,(anonymous_1)
FNDA:0,(anonymous_2)
FNDA:0,(anonymous_3)
FNDA:0,(anonymous_4)
FNDA:0,(anonymous_5)
DA:10,0
DA:11,0
DA:12,0
DA:13,0
DA:14,0
DA:16,0
DA:17,0
DA:20,0
DA:21,0
DA:24,0
DA:25,0
DA:28,0
DA:29,0
DA:32,0
DA:42,0
DA:53,0
LF:16
LH:0
BRDA:28,0,0,0
BRDA:28,0,1,0
BRF:2
BRH:0
end_of_record
TN:
SF:src/features/albums/selectors.ts
FN:3,(anonymous_0)
FN:4,(anonymous_1)
FNF:2
FNH:0
FNDA:0,(anonymous_0)
FNDA:0,(anonymous_1)
DA:3,1
DA:4,1
LF:2
LH:2
BRF:0
BRH:0
end_of_record
TN:
SF:src/features/albums/types.ts
FNF:0
FNH:0
LF:0
LH:0
BRF:0
BRH:0
end_of_record
TN:
SF:src/features/posts/fetch-posts.ts
FN:11,(anonymous_0)
FNF:1
FNH:0
FNDA:0,(anonymous_0)
DA:7,2
DA:12,0
DA:14,0
DA:15,0
DA:20,0
LF:5
LH:1
BRDA:11,0,0,0
BRDA:14,1,0,0
BRDA:14,1,1,0
BRF:3
BRH:0
end_of_record
TN:
SF:src/features/posts/index.ts
FNF:0
FNH:0
LF:0
LH:0
BRF:0
BRH:0
end_of_record
TN:
SF:src/features/posts/load-posts.tsx
FN:11,LoadPosts
FN:19,(anonymous_1)
FN:23,(anonymous_2)
FN:27,handlePaginate
FN:31,handleOpenModal
FN:36,handleCloseModal
FN:50,(anonymous_6)
FN:52,(anonymous_7)
FN:62,(anonymous_8)
FN:64,(anonymous_9)
FNF:10
FNH:10
FNDA:9,LoadPosts
FNDA:5,(anonymous_1)
FNDA:5,(anonymous_2)
FNDA:1,handlePaginate
FNDA:2,handleOpenModal
FNDA:1,handleCloseModal
FNDA:16,(anonymous_6)
FNDA:2,(anonymous_7)
FNDA:10,(anonymous_8)
FNDA:1,(anonymous_9)
DA:12,9
DA:13,9
DA:14,9
DA:15,9
DA:16,9
DA:17,9
DA:19,9
DA:20,5
DA:23,9
DA:24,5
DA:28,1
DA:32,2
DA:33,2
DA:37,1
DA:38,1
DA:41,9
DA:42,1
DA:45,8
DA:51,16
DA:52,2
DA:63,10
DA:64,1
LF:22
LH:22
BRDA:41,0,0,1
BRDA:41,0,1,8
BRDA:49,1,0,8
BRDA:49,1,1,8
BRDA:61,2,0,8
BRDA:61,2,1,8
BRDA:78,3,0,8
BRDA:78,3,1,2
BRF:8
BRH:8
end_of_record
TN:
SF:src/features/posts/post-slice.ts
FN:16,(anonymous_0)
FN:20,(anonymous_1)
FN:21,(anonymous_2)
FN:26,(anonymous_3)
FN:31,(anonymous_4)
FNF:5
FNH:1
FNDA:0,(anonymous_0)
FNDA:2,(anonymous_1)
FNDA:0,(anonymous_2)
FNDA:0,(anonymous_3)
FNDA:0,(anonymous_4)
DA:6,2
DA:12,2
DA:21,2
DA:22,0
DA:23,0
DA:26,2
DA:27,0
DA:28,0
DA:31,2
DA:32,0
DA:33,0
DA:35,0
DA:40,2
DA:41,2
LF:14
LH:7
BRDA:32,0,0,0
BRDA:32,0,1,0
BRF:2
BRH:0
end_of_record
TN:
SF:src/features/posts/selectors.ts
FN:3,(anonymous_0)
FN:4,(anonymous_1)
FNF:2
FNH:0
FNDA:0,(anonymous_0)
FNDA:0,(anonymous_1)
DA:3,2
DA:4,2
LF:2
LH:2
BRF:0
BRH:0
end_of_record
TN:
SF:src/features/posts/types.ts
FNF:0
FNH:0
LF:0
LH:0
BRF:0
BRH:0
end_of_record
TN:
SF:src/features/todos/fetch-todos.ts
FN:8,(anonymous_0)
FNF:1
FNH:0
FNDA:0,(anonymous_0)
DA:6,1
DA:9,0
DA:11,0
DA:12,0
DA:17,0
LF:5
LH:1
BRDA:11,0,0,0
BRDA:11,0,1,0
BRF:2
BRH:0
end_of_record
TN:
SF:src/features/todos/index.ts
FNF:0
FNH:0
LF:0
LH:0
BRF:0
BRH:0
end_of_record
TN:
SF:src/features/todos/load-todos.tsx
FN:11,LoadTodos
FN:17,(anonymous_1)
FN:21,handleClick
FN:25,handleChangeNewTodoInput
FN:29,handleAddTodo
FN:67,(anonymous_5)
FN:69,(anonymous_6)
FN:81,(anonymous_7)
FNF:8
FNH:0
FNDA:0,LoadTodos
FNDA:0,(anonymous_1)
FNDA:0,handleClick
FNDA:0,handleChangeNewTodoInput
FNDA:0,handleAddTodo
FNDA:0,(anonymous_5)
FNDA:0,(anonymous_6)
FNDA:0,(anonymous_7)
DA:12,0
DA:13,0
DA:14,0
DA:15,0
DA:17,0
DA:18,0
DA:22,0
DA:26,0
DA:30,0
DA:31,0
DA:33,0
DA:38,0
DA:39,0
DA:42,0
DA:43,0
DA:46,0
DA:68,0
DA:69,0
DA:81,0
LF:19
LH:0
BRDA:30,0,0,0
BRDA:30,0,1,0
BRDA:42,1,0,0
BRDA:42,1,1,0
BRF:4
BRH:0
end_of_record
TN:
SF:src/features/todos/selectors.ts
FN:3,(anonymous_0)
FN:4,(anonymous_1)
FNF:2
FNH:0
FNDA:0,(anonymous_0)
FNDA:0,(anonymous_1)
DA:3,1
DA:4,1
LF:2
LH:2
BRF:0
BRH:0
end_of_record
TN:
SF:src/features/todos/todo-slice.ts
FN:17,(anonymous_0)
FN:20,(anonymous_1)
FN:21,(anonymous_2)
FN:27,(anonymous_3)
FN:28,(anonymous_4)
FN:33,(anonymous_5)
FN:38,(anonymous_6)
FNF:7
FNH:1
FNDA:0,(anonymous_0)
FNDA:0,(anonymous_1)
FNDA:0,(anonymous_2)
FNDA:1,(anonymous_3)
FNDA:0,(anonymous_4)
FNDA:0,(anonymous_5)
FNDA:0,(anonymous_6)
DA:7,1
DA:13,1
DA:18,0
DA:21,0
DA:22,0
DA:23,0
DA:28,1
DA:29,0
DA:30,0
DA:33,1
DA:34,0
DA:35,0
DA:38,1
DA:39,0
DA:40,0
DA:42,0
DA:47,1
DA:48,1
LF:18
LH:7
BRDA:22,0,0,0
BRDA:22,0,1,0
BRDA:39,1,0,0
BRDA:39,1,1,0
BRF:4
BRH:0
end_of_record
TN:
SF:src/features/todos/types.ts
FNF:0
FNH:0
LF:0
LH:0
BRF:0
BRH:0
end_of_record
TN:
SF:src/libs/components/checkbox/checkbox.tsx
FN:8,Checkbox
FNF:1
FNH:0
FNDA:0,Checkbox
DA:14,0
DA:15,0
DA:35,0
LF:3
LH:0
BRDA:11,0,0,0
BRDA:12,1,0,0
BRDA:14,2,0,0
BRDA:14,2,1,0
BRF:4
BRH:0
end_of_record
TN:
SF:src/libs/components/checkbox/index.ts
FNF:0
FNH:0
LF:0
LH:0
BRF:0
BRH:0
end_of_record
TN:
SF:src/libs/utils/chunk-array/chunk-array.ts
FN:3,chunkArray
FNF:1
FNH:1
FNDA:2,chunkArray
DA:4,2
DA:5,2
DA:6,2
DA:8,2
DA:9,2
DA:10,2
DA:13,2
LF:7
LH:7
BRDA:3,0,0,1
BRF:1
BRH:1
end_of_record
TN:
SF:src/libs/utils/chunk-array/index.ts
FNF:0
FNH:0
LF:0
LH:0
BRF:0
BRH:0
end_of_record
TN:
SF:src/libs/utils/chunk-array/types.ts
FNF:0
FNH:0
LF:0
LH:0
BRF:0
BRH:0
end_of_record
TN:
SF:src/tests/utils.tsx
FN:8,tlRender
FN:12,withRedux
FN:13,(anonymous_2)
FNF:3
FNH:0
FNDA:0,tlRender
FNDA:0,withRedux
FNDA:0,(anonymous_2)
DA:9,0
DA:13,0
DA:14,0
LF:3
LH:0
BRDA:9,0,0,0
BRDA:9,0,1,0
BRF:2
BRH:0
end_of_record
